Oct 11 06:25:01 hstest CRON[10605]: pam_unix(cron:session): session closed for user root
Oct 11 07:17:01 hstest CRON[10741]: pam_unix(cron:session): session opened for user root by (uid=0)
Oct 11 07:17:01 hstest CRON[10741]: pam_unix(cron:session): session closed for user root
Oct 11 08:17:01 hstest CRON[10768]: pam_unix(cron:session): session opened for user root by (uid=0)
Oct 11 08:17:01 hstest CRON[10768]: pam_unix(cron:session): session closed for user root
Oct 11 09:17:01 hstest CRON[10807]: pam_unix(cron:session): session opened for user root by (uid=0)
Oct 11 09:17:01 hstest CRON[10807]: pam_unix(cron:session): session closed for user root
Oct 11 10:17:01 hstest CRON[10834]: pam_unix(cron:session): session opened for user root by (uid=0)
Oct 11 10:17:01 hstest CRON[10834]: pam_unix(cron:session): session closed for user root
Oct 11 11:17:01 hstest CRON[10873]: pam_unix(cron:session): session opened for user root by (uid=0)
Oct 11 11:17:01 hstest CRON[10873]: pam_unix(cron:session): session closed for user root
Oct 11 12:17:01 hstest CRON[10961]: pam_unix(cron:session): session opened for user root by (uid=0)
Oct 11 12:17:01 hstest CRON[10961]: pam_unix(cron:session): session closed for user root
Oct 11 13:17:01 hstest CRON[10988]: pam_unix(cron:session): session opened for user root by (uid=0)
Oct 11 13:17:01 hstest CRON[10988]: pam_unix(cron:session): session closed for user root
Oct 11 14:17:01 hstest CRON[11027]: pam_unix(cron:session): session opened for user root by (uid=0)
Oct 11 14:17:01 hstest CRON[11027]: pam_unix(cron:session): session closed for user root
Oct 11 15:17:01 hstest CRON[11118]: pam_unix(cron:session): session opened for user root by (uid=0)
Oct 11 15:17:01 hstest CRON[11118]: pam_unix(cron:session): session closed for user root
Oct 11 16:17:01 hstest CRON[11145]: pam_unix(cron:session): session opened for user root by (uid=0)
Oct 11 16:17:01 hstest CRON[11145]: pam_unix(cron:session): session closed for user root
Oct 11 17:17:01 hstest CRON[11190]: pam_unix(cron:session): session opened for user root by (uid=0)
Oct 11 17:17:01 hstest CRON[11190]: pam_unix(cron:session): session closed for user root
Oct 11 18:17:01 hstest CRON[11315]: pam_unix(cron:session): session opened for user root by (uid=0)
Oct 11 18:17:01 hstest CRON[11315]: pam_unix(cron:session): session closed for user root
Oct 11 19:17:01 hstest CRON[11359]: pam_unix(cron:session): session opened for user root by (uid=0)
Oct 11 19:17:01 hstest CRON[11359]: pam_unix(cron:session): session closed for user root
Oct 11 21:17:01 hstest CRON[11495]: pam_unix(cron:session): session opened for user root by (uid=0)
Oct 11 21:17:01 hstest CRON[11495]: pam_unix(cron:session): session closed for user root
Oct 11 22:17:49 hstest CRON[11576]: pam_unix(cron:session): session opened for user root by (uid=0)
Oct 11 22:17:49 hstest CRON[11576]: pam_unix(cron:session): session closed for user root
Oct 11 23:17:02 hstest CRON[11664]: pam_unix(cron:session): session opened for user root by (uid=0)
Oct 11 23:17:02 hstest CRON[11664]: pam_unix(cron:session): session closed for user root
Oct 12 00:17:01 hstest CRON[11693]: pam_unix(cron:session): session opened for user root by (uid=0)
Oct 12 00:17:01 hstest CRON[11693]: pam_unix(cron:session): session closed for user root
Oct 12 01:17:01 hstest CRON[11734]: pam_unix(cron:session): session opened for user root by (uid=0)
Oct 12 01:17:01 hstest CRON[11734]: pam_unix(cron:session): session closed for user root
Oct 12 02:17:01 hstest CRON[11761]: pam_unix(cron:session): session opened for user root by (uid=0)
Oct 12 02:17:01 hstest CRON[11761]: pam_unix(cron:session): session closed for user root
Oct 12 03:17:01 hstest CRON[11800]: pam_unix(cron:session): session opened for user root by (uid=0)
Oct 12 03:17:01 hstest CRON[11800]: pam_unix(cron:session): session closed for user root
Oct 12 04:17:01 hstest CRON[11830]: pam_unix(cron:session): session opened for user root by (uid=0)
Oct 12 04:17:01 hstest CRON[11830]: pam_unix(cron:session): session closed for user root
Oct 12 04:25:01 hstest CRON[11845]: pam_unix(cron:session): session opened for user root by (uid=0)
Oct 12 04:25:04 hstest CRON[11845]: pam_unix(cron:session): session closed for user root
Oct 12 05:17:01 hstest CRON[12027]: pam_unix(cron:session): session opened for user root by (uid=0)
Oct 12 05:17:01 hstest CRON[12027]: pam_unix(cron:session): session closed for user root
Oct 12 06:17:01 hstest CRON[12066]: pam_unix(cron:session): session opened for user root by (uid=0)
Oct 12 06:17:01 hstest CRON[12066]: pam_unix(cron:session): session closed for user root
Oct 12 06:25:01 hstest CRON[12069]: pam_unix(cron:session): session opened for user root by (uid=0)
Oct 12 06:25:01 hstest CRON[12069]: pam_unix(cron:session): session closed for user root
Oct 12 07:17:01 hstest CRON[12232]: pam_unix(cron:session): session opened for user root by (uid=0)
Oct 12 07:17:01 hstest CRON[12232]: pam_unix(cron:session): session closed for user root
Oct 12 08:17:01 hstest CRON[12271]: pam_unix(cron:session): session opened for user root by (uid=0)
Oct 12 08:17:01 hstest CRON[12271]: pam_unix(cron:session): session closed for user root
Oct 12 09:17:01 hstest CRON[12298]: pam_unix(cron:session): session opened for user root by (uid=0)
Oct 12 09:17:01 hstest CRON[12298]: pam_unix(cron:session): session closed for user root
Oct 12 10:17:01 hstest CRON[12337]: pam_unix(cron:session): session opened for user root by (uid=0)
Oct 12 10:17:01 hstest CRON[12337]: pam_unix(cron:session): session closed for user root
Oct 12 11:17:01 hstest CRON[12364]: pam_unix(cron:session): session opened for user root by (uid=0)
Oct 12 11:17:01 hstest CRON[12364]: pam_unix(cron:session): session closed for user root
Oct 12 12:17:01 hstest CRON[12403]: pam_unix(cron:session): session opened for user root by (uid=0)
Oct 12 12:17:01 hstest CRON[12403]: pam_unix(cron:session): session closed for user root
Oct 12 13:17:01 hstest CRON[12430]: pam_unix(cron:session): session opened for user root by (uid=0)
Oct 12 13:17:01 hstest CRON[12430]: pam_unix(cron:session): session closed for user root
Oct 12 14:17:01 hstest CRON[12469]: pam_unix(cron:session): session opened for user root by (uid=0)
Oct 12 14:17:01 hstest CRON[12469]: pam_unix(cron:session): session closed for user root
Oct 12 15:17:01 hstest CRON[12496]: pam_unix(cron:session): session opened for user root by (uid=0)
Oct 12 15:17:01 hstest CRON[12496]: pam_unix(cron:session): session closed for user root
Oct 12 16:17:01 hstest CRON[12523]: pam_unix(cron:session): session opened for user root by (uid=0)
Oct 12 16:17:01 hstest CRON[12523]: pam_unix(cron:session): session closed for user root
Oct 12 17:17:01 hstest CRON[12562]: pam_unix(cron:session): session opened for user root by (uid=0)
Oct 12 17:17:01 hstest CRON[12562]: pam_unix(cron:session): session closed for user root
Oct 12 18:17:01 hstest CRON[12650]: pam_unix(cron:session): session opened for user root by (uid=0)
Oct 12 18:17:01 hstest CRON[12650]: pam_unix(cron:session): session closed for user root
Oct 12 19:17:01 hstest CRON[12776]: pam_unix(cron:session): session opened for user root by (uid=0)
Oct 12 19:17:01 hstest CRON[12776]: pam_unix(cron:session): session closed for user root
Oct 12 20:17:01 hstest CRON[12838]: pam_unix(cron:session): session opened for user root by (uid=0)
Oct 12 20:17:01 hstest CRON[12838]: pam_unix(cron:session): session closed for user root
Oct 12 22:17:01 hstest CRON[12963]: pam_unix(cron:session): session opened for user root by (uid=0)
Oct 12 22:17:01 hstest CRON[12963]: pam_unix(cron:session): session closed for user root
Oct 12 23:17:01 hstest CRON[12992]: pam_unix(cron:session): session opened for user root by (uid=0)
Oct 12 23:17:01 hstest CRON[12992]: pam_unix(cron:session): session closed for user root
Oct 13 00:17:01 hstest CRON[13080]: pam_unix(cron:session): session opened for user root by (uid=0)
Oct 13 00:17:01 hstest CRON[13080]: pam_unix(cron:session): session closed for user root
Oct 13 01:17:01 hstest CRON[13107]: pam_unix(cron:session): session opened for user root by (uid=0)
Oct 13 01:17:01 hstest CRON[13107]: pam_unix(cron:session): session closed for user root
Oct 13 02:17:01 hstest CRON[13146]: pam_unix(cron:session): session opened for user root by (uid=0)
Oct 13 02:17:01 hstest CRON[13146]: pam_unix(cron:session): session closed for user root
Oct 13 03:17:01 hstest CRON[13176]: pam_unix(cron:session): session opened for user root by (uid=0)
Oct 13 03:17:01 hstest CRON[13176]: pam_unix(cron:session): session closed for user root
Oct 13 17:17:01 hstest CRON[13545]: pam_unix(cron:session): session opened for user root by (uid=0)
Oct 13 17:17:01 hstest CRON[13545]: pam_unix(cron:session): session closed for user root
Oct 13 18:17:01 hstest CRON[13623]: pam_unix(cron:session): session opened for user root by (uid=0)
Oct 13 18:17:01 hstest CRON[13623]: pam_unix(cron:session): session closed for user root
Oct 13 19:17:01 hstest CRON[13650]: pam_unix(cron:session): session opened for user root by (uid=0)
Oct 13 19:17:01 hstest CRON[13650]: pam_unix(cron:session): session closed for user root
Oct 13 20:17:01 hstest CRON[13744]: pam_unix(cron:session): session opened for user root by (uid=0)
Oct 13 20:17:01 hstest CRON[13744]: pam_unix(cron:session): session closed for user root
Oct 13 21:17:01 hstest CRON[13883]: pam_unix(cron:session): session opened for user root by (uid=0)
Oct 13 21:17:01 hstest CRON[13883]: pam_unix(cron:session): session closed for user root
Oct 13 22:17:01 hstest CRON[13924]: pam_unix(cron:session): session opened for user root by (uid=0)
Oct 13 22:17:01 hstest CRON[13924]: pam_unix(cron:session): session closed for user root
Oct 13 23:17:01 hstest CRON[13951]: pam_unix(cron:session): session opened for user root by (uid=0)
Oct 13 23:17:01 hstest CRON[13951]: pam_unix(cron:session): session closed for user root
Oct 14 00:17:01 hstest CRON[13990]: pam_unix(cron:session): session opened for user root by (uid=0)
Oct 14 00:17:01 hstest CRON[13990]: pam_unix(cron:session): session closed for user root
Oct 14 01:17:01 hstest CRON[14023]: pam_unix(cron:session): session opened for user root by (uid=0)
Oct 14 01:17:01 hstest CRON[14023]: pam_unix(cron:session): session closed for user root
Oct 14 01:28:11 hstest useradd[14511]: new user: name=sshd, UID=106, GID=65534, home=/var/run/sshd, shell=/usr/sbin/nologin
Oct 14 01:28:12 hstest usermod[14516]: change user 'sshd' password
Oct 14 01:28:12 hstest chage[14521]: changed password expiry for sshd
Oct 14 01:28:13 hstest sshd[14619]: Server listening on 0.0.0.0 port 22.
Oct 14 01:28:13 hstest sshd[14619]: Server listening on :: port 22.
Oct 14 01:28:49 hstest sshd[14939]: Connection closed by 10.0.3.1 port 40120 [preauth]
Oct 14 01:29:01 hstest sshd[14941]: Invalid user asdf from 10.0.3.1
Oct 14 01:29:01 hstest sshd[14941]: input_userauth_request: invalid user asdf [preauth]
Oct 14 01:29:02 hstest sshd[14941]: pam_unix(sshd:auth): check pass; user unknown
Oct 14 01:29:02 hstest sshd[14941]: pam_unix(sshd:auth): authentication failure; logname= uid=0 euid=0 tty=ssh ruser= rhost=10.0.3.1
Oct 14 01:29:04 hstest sshd[14941]: Failed password for invalid user asdf from 10.0.3.1 port 40130 ssh2
Oct 14 01:29:10 hstest sshd[14941]: pam_unix(sshd:auth): check pass; user unknown
Oct 14 01:29:12 hstest sshd[14941]: Failed password for invalid user asdf from 10.0.3.1 port 40130 ssh2
Oct 14 01:29:12 hstest sshd[14941]: pam_unix(sshd:auth): check pass; user unknown
Oct 14 01:29:14 hstest sshd[14941]: Failed password for invalid user asdf from 10.0.3.1 port 40130 ssh2
Oct 14 01:29:14 hstest sshd[14941]: Connection closed by 10.0.3.1 port 40130 [preauth]
Oct 14 01:29:14 hstest sshd[14941]: PAM 2 more authentication failures; logname= uid=0 euid=0 tty=ssh ruser= rhost=10.0.3.1
Oct 14 02:05:13 hstest sshd[15676]: Invalid user asdf from 10.0.3.1
Oct 14 02:05:13 hstest sshd[15676]: input_userauth_request: invalid user asdf [preauth]
Oct 14 02:05:14 hstest sshd[15676]: pam_unix(sshd:auth): check pass; user unknown
Oct 14 02:05:14 hstest sshd[15676]: pam_unix(sshd:auth): authentication failure; logname= uid=0 euid=0 tty=ssh ruser= rhost=10.0.3.1
Oct 14 02:05:16 hstest sshd[15676]: Failed password for invalid user asdf from 10.0.3.1 port 41236 ssh2
Oct 14 02:05:17 hstest sshd[15676]: pam_unix(sshd:auth): check pass; user unknown
Oct 14 02:05:19 hstest sshd[15676]: Failed password for invalid user asdf from 10.0.3.1 port 41236 ssh2
Oct 14 02:05:26 hstest sshd[15676]: pam_unix(sshd:auth): check pass; user unknown
Oct 14 02:05:27 hstest sshd[15676]: Failed password for invalid user asdf from 10.0.3.1 port 41236 ssh2
Oct 14 02:05:27 hstest sshd[15676]: Connection closed by 10.0.3.1 port 41236 [preauth]
Oct 14 02:05:27 hstest sshd[15676]: PAM 2 more authentication failures; logname= uid=0 euid=0 tty=ssh ruser= rhost=10.0.3.1
Oct 14 02:17:01 hstest CRON[15690]: pam_unix(cron:session): session opened for user root by (uid=0)
Oct 14 02:17:01 hstest CRON[15690]: pam_unix(cron:session): session closed for user root
Oct 14 03:17:01 hstest CRON[15718]: pam_unix(cron:session): session opened for user root by (uid=0)
Oct 14 03:17:01 hstest CRON[15718]: pam_unix(cron:session): session closed for user root
